{"/home/penurajeshitsd/Full-Stack-React-Projects/ch3/src/db/models/post.js": {"path":"/home/penurajeshitsd/Full-Stack-React-Projects/ch3/src/db/models/post.js","statementMap":{"0":{"start":{"line":3,"column":19},"end":{"line":11,"column":1}},"1":{"start":{"line":13,"column":20},"end":{"line":13,"column":54}}},"fnMap":{},"branchMap":{},"s":{"0":1,"1":1},"f":{},"b":{},"_coverageSchema":"1a1c01bbd47fc00a2c39e90264f33305004495a9","hash":"7e48234dbc2851160600a591add7a98ef0b9a26b"}
,"/home/penurajeshitsd/Full-Stack-React-Projects/ch3/src/services/posts.js": {"path":"/home/penurajeshitsd/Full-Stack-React-Projects/ch3/src/services/posts.js","statementMap":{"0":{"start":{"line":4,"column":15},"end":{"line":4,"column":58}},"1":{"start":{"line":5,"column":2},"end":{"line":5,"column":26}},"2":{"start":{"line":12,"column":2},"end":{"line":12,"column":61}},"3":{"start":{"line":16,"column":2},"end":{"line":16,"column":37}},"4":{"start":{"line":20,"column":2},"end":{"line":20,"column":45}},"5":{"start":{"line":24,"column":2},"end":{"line":24,"column":43}},"6":{"start":{"line":28,"column":2},"end":{"line":28,"column":36}},"7":{"start":{"line":32,"column":2},"end":{"line":36,"column":3}},"8":{"start":{"line":40,"column":2},"end":{"line":40,"column":46}}},"fnMap":{"0":{"name":"createPost","decl":{"start":{"line":3,"column":22},"end":{"line":3,"column":32}},"loc":{"start":{"line":3,"column":68},"end":{"line":6,"column":1}},"line":3},"1":{"name":"listPosts","decl":{"start":{"line":8,"column":15},"end":{"line":8,"column":24}},"loc":{"start":{"line":11,"column":2},"end":{"line":13,"column":1}},"line":11},"2":{"name":"listAllPosts","decl":{"start":{"line":15,"column":22},"end":{"line":15,"column":34}},"loc":{"start":{"line":15,"column":44},"end":{"line":17,"column":1}},"line":15},"3":{"name":"listPostsByAuthor","decl":{"start":{"line":19,"column":22},"end":{"line":19,"column":39}},"loc":{"start":{"line":19,"column":57},"end":{"line":21,"column":1}},"line":19},"4":{"name":"listPostsByTag","decl":{"start":{"line":23,"column":22},"end":{"line":23,"column":36}},"loc":{"start":{"line":23,"column":52},"end":{"line":25,"column":1}},"line":23},"5":{"name":"getPostById","decl":{"start":{"line":27,"column":22},"end":{"line":27,"column":33}},"loc":{"start":{"line":27,"column":42},"end":{"line":29,"column":1}},"line":27},"6":{"name":"updatePost","decl":{"start":{"line":31,"column":22},"end":{"line":31,"column":32}},"loc":{"start":{"line":31,"column":76},"end":{"line":37,"column":1}},"line":31},"7":{"name":"deletePost","decl":{"start":{"line":39,"column":22},"end":{"line":39,"column":32}},"loc":{"start":{"line":39,"column":41},"end":{"line":41,"column":1}},"line":39}},"branchMap":{"0":{"loc":{"start":{"line":9,"column":2},"end":{"line":9,"column":12}},"type":"default-arg","locations":[{"start":{"line":9,"column":10},"end":{"line":9,"column":12}}],"line":9},"1":{"loc":{"start":{"line":10,"column":2},"end":{"line":10,"column":57}},"type":"default-arg","locations":[{"start":{"line":10,"column":55},"end":{"line":10,"column":57}}],"line":10},"2":{"loc":{"start":{"line":10,"column":4},"end":{"line":10,"column":24}},"type":"default-arg","locations":[{"start":{"line":10,"column":13},"end":{"line":10,"column":24}}],"line":10},"3":{"loc":{"start":{"line":10,"column":26},"end":{"line":10,"column":50}},"type":"default-arg","locations":[{"start":{"line":10,"column":38},"end":{"line":10,"column":50}}],"line":10}},"s":{"0":0,"1":0,"2":0,"3":0,"4":0,"5":0,"6":0,"7":0,"8":0},"f":{"0":0,"1":0,"2":0,"3":0,"4":0,"5":0,"6":0,"7":0},"b":{"0":[0],"1":[0],"2":[0],"3":[0]},"_coverageSchema":"1a1c01bbd47fc00a2c39e90264f33305004495a9","hash":"03ae19a4f4542cb3c62341d882bcd298956186bf"}
}
