TN:
SF:src/db/models/post.js
FNF:0
FNH:0
DA:3,1
DA:13,1
LF:2
LH:2
BRF:0
BRH:0
end_of_record
TN:
SF:src/services/posts.js
FN:3,createPost
FN:8,listPosts
FN:15,listAllPosts
FN:19,listPostsByAuthor
FN:23,listPostsByTag
FN:27,getPostById
FN:31,updatePost
FN:39,deletePost
FNF:8
FNH:0
FNDA:0,createPost
FNDA:0,listPosts
FNDA:0,listAllPosts
FNDA:0,listPostsByAuthor
FNDA:0,listPostsByTag
FNDA:0,getPostById
FNDA:0,updatePost
FNDA:0,deletePost
DA:4,0
DA:5,0
DA:12,0
DA:16,0
DA:20,0
DA:24,0
DA:28,0
DA:32,0
DA:40,0
LF:9
LH:0
BRDA:9,0,0,0
BRDA:10,1,0,0
BRDA:10,2,0,0
BRDA:10,3,0,0
BRF:4
BRH:0
end_of_record
